"time": "2018-07-08 01:31:27,203", "levelname": "ERROR", "message": "[Errno 2] No such file or directory: 'input.txt'"
"time": "2018-07-08 01:32:46,917", "levelname": "ERROR", "message": "Неправильный порядок матрицы"
"time": "2018-07-08 01:33:07,702", "levelname": "INFO", "message": "CoefficientsOfX: [[1.0, 2.0], [4.0, 5.0]], freeCoefficients: [3.0, 6.0], result: [-1.  2.]"
"time": "2018-07-08 01:36:36,801", "levelname": "INFO", "message": "CoefficientsOfX: [[1.0, 2.0], [4.0, 5.0]], freeCoefficients: [3.0, 6.0], result: [-1.  2.]"
"time": "2018-07-08 01:40:01,387", "levelname": "INFO", "message": "CoefficientsOfX: [[1.0, 2.0], [4.0, 5.0]], freeCoefficients: [3.0, 6.0], result: [-1.  2.]"
"time": "2018-07-08 01:42:26,343", "levelname": "INFO", "message": "CoefficientsOfX: [[1.0, 2.0], [4.0, 5.0]], freeCoefficients: [3.0, 6.0], result: [-1.  2.]"
"time": "2018-07-08 01:53:41,440", "levelname": "INFO", "message": "CoefficientsOfX: [[1.0, 2.0], [4.0, 5.0]], freeCoefficients: [3.0, 6.0], result: [-1.  2.]"
"time": "2018-07-08 13:31:12,153", "levelname": "INFO", "message": "CoefficientsOfX: [[1.0, 2.0], [4.0, 5.0]], freeCoefficients: [3.0, 6.0], result: [-1.  2.]"
"time": "2018-07-08 13:40:18,845", "levelname": "INFO", "message": "CoefficientsOfX: [[1.0, 2.0], [4.0, 5.0]], freeCoefficients: [3.0, 6.0], result: [-1.  2.]"
"time": "2018-07-08 13:41:58,755", "levelname": "INFO", "message": "CoefficientsOfX: [[1.0, 2.0], [4.0, 5.0]], freeCoefficients: [3.0, 6.0], result: [-1.  2.]"
"time": "2018-07-08 13:42:49,872", "levelname": "INFO", "message": "CoefficientsOfX: [[1.0, 2.0], [4.0, 5.0]], freeCoefficients: [3.0, 6.0], result: [-1.  2.]"
"time": "2018-07-08 13:45:12,723", "levelname": "INFO", "message": "CoefficientsOfX: [[1.0, 2.0], [4.0, 5.0]], freeCoefficients: [3.0, 6.0], result: [-1.  2.]"
"time": "2018-07-08 13:46:47,903", "levelname": "INFO", "message": "CoefficientsOfX: [[1.0, 2.0], [4.0, 5.0]], freeCoefficients: [3.0, 6.0], result: [-1.  2.]"
"time": "2018-07-08 13:57:18,487", "levelname": "INFO", "message": "CoefficientsOfX: [[1.0, 2.0], [4.0, 5.0]], freeCoefficients: [3.0, 6.0], result: [-1.  2.]"
"time": "2018-07-08 13:57:51,313", "levelname": "INFO", "message": "CoefficientsOfX: [[1.0, 2.0], [4.0, 5.0]], freeCoefficients: [3.0, 6.0], result: [-1.  2.]"
"time": "2018-07-08 13:59:39,134", "levelname": "INFO", "message": "CoefficientsOfX: [[1.0, 2.0], [4.0, 5.0]], freeCoefficients: [3.0, 6.0], result: [-1.  2.]"
"time": "2018-07-08 14:04:47,201", "levelname": "INFO", "message": "CoefficientsOfX: [[1.0, 2.0], [4.0, 5.0]], freeCoefficients: [3.0, 6.0], result: [-1.  2.]"
"time": "2018-07-08 14:12:08,879", "levelname": "INFO", "message": "CoefficientsOfX: [[1.0, 2.0], [4.0, 5.0]], freeCoefficients: [3.0, 6.0], result: [-1.  2.]"
"time": "2018-07-08 14:13:48,006", "levelname": "INFO", "message": "CoefficientsOfX: [[1.0, 2.0], [4.0, 5.0]], freeCoefficients: [3.0, 6.0], result: [-1.  2.]"
"time": "2018-07-08 14:16:23,089", "levelname": "INFO", "message": "CoefficientsOfX: [[1.0, 2.0], [4.0, 5.0]], freeCoefficients: [3.0, 6.0], result: [-1.  2.]"
"time": "2018-07-08 14:19:26,672", "levelname": "INFO", "message": "CoefficientsOfX: [[1.0, 2.0], [4.0, 5.0]], freeCoefficients: [3.0, 6.0], result: [-1.  2.]"
"time": "2018-07-08 14:39:20,251", "levelname": "INFO", "message": "CoefficientsOfX: [[1.0, 2.0], [4.0, 5.0]], freeCoefficients: [3.0, 6.0], result: [-1.  2.]"
"time": "2018-07-08 14:40:38,839", "levelname": "INFO", "message": "CoefficientsOfX: [[1.0, 2.0], [4.0, 5.0]], freeCoefficients: [3.0, 6.0], result: [-1.  2.]"
"time": "2018-07-08 14:41:27,489", "levelname": "INFO", "message": "CoefficientsOfX: [[1.0, 2.0], [4.0, 5.0]], freeCoefficients: [3.0, 6.0], result: [-1.  2.]"
"time": "2018-07-08 14:42:14,269", "levelname": "INFO", "message": "CoefficientsOfX: [[1.0, 2.0], [4.0, 5.0]], freeCoefficients: [3.0, 6.0], result: [-1.  2.]"
"time": "2018-07-08 14:43:07,714", "levelname": "INFO", "message": "CoefficientsOfX: [[1.0, 2.0], [4.0, 5.0]], freeCoefficients: [3.0, 6.0], result: [-1.  2.]"
"time": "2018-07-08 14:45:30,907", "levelname": "INFO", "message": "CoefficientsOfX: [[1.0, 2.0], [4.0, 5.0]], freeCoefficients: [3.0, 6.0], result: [-1.  2.]"
"time": "2018-07-08 14:46:45,287", "levelname": "INFO", "message": "CoefficientsOfX: [[1.0, 2.0], [4.0, 5.0]], freeCoefficients: [3.0, 6.0], result: [-1.  2.]"
"time": "2018-07-08 14:47:17,678", "levelname": "INFO", "message": "CoefficientsOfX: [[1.0, 2.0], [4.0, 5.0]], freeCoefficients: [3.0, 6.0], result: [-1.  2.]"
"time": "2018-07-08 14:53:24,006", "levelname": "INFO", "message": "CoefficientsOfX: [[1.0, 2.0], [4.0, 5.0]], freeCoefficients: [3.0, 6.0], result: [-1.  2.]"
"time": "2018-07-08 15:06:18,271", "levelname": "INFO", "message": "CoefficientsOfX: [[1.0, 2.0], [4.0, 5.0]], freeCoefficients: [3.0, 6.0], result: [-1.  2.]"
"time": "2018-07-09 15:13:39,814", "levelname": "INFO", "message": "CoefficientsOfX: [[1.0, 2.0], [4.0, 5.0]], freeCoefficients: [3.0, 6.0], result: [-1.  2.]"
"time": "2018-07-09 15:40:33,982", "levelname": "INFO", "message": "CoefficientsOfX: [[1.0, 2.0], [4.0, 5.0]], freeCoefficients: [3.0, 6.0], result: [-1.  2.]"
"time": "2018-07-09 15:41:22,155", "levelname": "INFO", "message": "CoefficientsOfX: [[1.0, 2.0], [4.0, 5.0]], freeCoefficients: [3.0, 6.0], result: [-1.  2.]"
"time": "2018-07-09 15:42:10,260", "levelname": "INFO", "message": "CoefficientsOfX: [[1.0, 2.0], [4.0, 5.0]], freeCoefficients: [3.0, 6.0], result: [-1.  2.]"
"time": "2018-07-09 15:51:07,966", "levelname": "INFO", "message": "CoefficientsOfX: [[1.0, 2.0], [4.0, 5.0]], freeCoefficients: [3.0, 6.0], result: [-1.  2.]"
"time": "2018-07-09 15:54:34,663", "levelname": "INFO", "message": "CoefficientsOfX: [[1.0, 2.0], [4.0, 5.0]], freeCoefficients: [3.0, 6.0], result: [-1.  2.]"
"time": "2018-07-09 15:55:49,331", "levelname": "INFO", "message": "CoefficientsOfX: [[1.0, 2.0], [4.0, 5.0]], freeCoefficients: [3.0, 6.0], result: [-1.  2.]"
"time": "2018-07-09 16:06:00,330", "levelname": "INFO", "message": "CoefficientsOfX: [[1.0, 2.0], [4.0, 5.0]], freeCoefficients: [3.0, 6.0], result: [-1.  2.]"
"time": "2018-07-09 16:06:00,332", "levelname": "INFO", "message": "CoefficientsOfX: [[1.0, 2.0], [4.0, 5.0]], freeCoefficients: [3.0, 6.0], result: [-1.  2.]"
"time": "2018-07-09 16:07:09,436", "levelname": "INFO", "message": "CoefficientsOfX: [[1.0, 2.0], [47.0, 5.0]], freeCoefficients: [3.0, 6.0], result: [-0.03370787  1.51685393]"
"time": "2018-07-09 16:07:09,437", "levelname": "INFO", "message": "CoefficientsOfX: [[1.0, 2.0], [47.0, 5.0]], freeCoefficients: [3.0, 6.0], result: [-0.03370787  1.51685393]"
"time": "2018-07-09 16:08:06,395", "levelname": "INFO", "message": "CoefficientsOfX: [[1.0, 2.0], [47.0, 5.0]], freeCoefficients: [3.0, 6.0], result: [-0.03370787  1.51685393]"
"time": "2018-07-09 16:08:22,537", "levelname": "INFO", "message": "CoefficientsOfX: [[1.0, 24.0], [47.0, 5.0]], freeCoefficients: [3.0, 6.0], result: [0.11487088 0.12021371]"
"time": "2018-07-09 16:09:20,109", "levelname": "INFO", "message": "CoefficientsOfX: [[1.0, 24.0], [47.0, 5.0]], freeCoefficients: [3.0, 67.0], result: [1.41852182 0.06589492]"
"time": "2018-07-09 16:11:28,454", "levelname": "INFO", "message": "CoefficientsOfX: [[1.0, 24.0], [47.0, 5.0]], freeCoefficients: [39.0, 67.0], result: [1.25823687 1.57257346]"
"time": "2018-07-09 16:13:15,366", "levelname": "INFO", "message": "CoefficientsOfX: [[1.0, 24.0], [47.0, 5.0]], freeCoefficients: [39.0, 67.0], result: [1.25823687 1.57257346]"
"time": "2018-07-09 16:13:15,367", "levelname": "INFO", "message": "CoefficientsOfX: [[1.0, 24.0], [47.0, 5.0]], freeCoefficients: [39.0, 67.0], result: [1.25823687 1.57257346]"
"time": "2018-07-09 16:30:53,916", "levelname": "INFO", "message": "CoefficientsOfX: [[1.0, 24.0], [47.0, 55.0]], freeCoefficients: [39.0, 67.0], result: [-0.50046598  1.64585275]"
"time": "2018-07-09 16:36:42,677", "levelname": "INFO", "message": "CoefficientsOfX: [[10.0, 24.0], [47.0, 55.0]], freeCoefficients: [39.0, 67.0], result: [-0.92906574  2.01211073]"
"time": "2018-07-09 16:37:59,231", "levelname": "INFO", "message": "CoefficientsOfX: [[10.0, 24.0], [47.0, 55.0]], freeCoefficients: [39.0, 65.0], result: [-1.01211073  2.0467128 ]"
"time": "2018-07-09 16:42:54,590", "levelname": "INFO", "message": "CoefficientsOfX: [[10.0, 24.0], [47.0, 55.0]], freeCoefficients: [39.0, 64.0], result: [-1.05363322  2.06401384]"
"time": "2018-07-09 17:03:11,695", "levelname": "ERROR", "message": "Неправильный порядок матрицы"
"time": "2018-07-09 17:04:47,409", "levelname": "ERROR", "message": "Неправильный порядок матрицы"
"time": "2018-07-09 17:06:47,319", "levelname": "INFO", "message": "CoefficientsOfX: [[10.0, 24.0], [47.0, 55.0]], freeCoefficients: [37.0, 64.0], result: [-0.8633218   1.90138408]"
"time": "2018-07-09 17:10:01,873", "levelname": "ERROR", "message": "Ошибка чтения"
"time": "2018-07-09 17:13:39,504", "levelname": "ERROR", "message": "Ошибка чтения"
"time": "2018-07-09 17:14:07,499", "levelname": "ERROR", "message": "Ошибка чтения"
"time": "2018-07-09 17:18:55,172", "levelname": "ERROR", "message": "Ошибка чтения"
"time": "2018-07-09 17:19:51,054", "levelname": "INFO", "message": "CoefficientsOfX: [[10.0, 24.0], [47.0, 55.0]], freeCoefficients: [374.0, 64.0], result: [-32.93079585  29.30449827]"
"time": "2018-07-09 17:23:28,761", "levelname": "INFO", "message": "CoefficientsOfX: [[10.0, 2.0], [47.0, 5.0]], freeCoefficients: [34.0, 64.0], result: [-0.95454545 21.77272727]"
"time": "2018-07-09 17:27:47,255", "levelname": "INFO", "message": "CoefficientsOfX: [[10.0, 2.0], [4.0, 5.0]], freeCoefficients: [34.0, 64.0], result: [ 1. 12.]"
"time": "2018-07-09 19:18:19,890", "levelname": "INFO", "message": "CoefficientsOfX: [[10.0, 2.0], [4.0, 5.0]], freeCoefficients: [34.0, 64.0], result: [ 1. 12.]"
